<?xml version="1.0" encoding="UTF-8"?>
<testng-results ignored="0" total="2" passed="2" failed="0" skipped="0">
  <reporter-output>
  </reporter-output>
  <suite started-at="2022-11-01T12:31:16 EDT" name="Default suite" finished-at="2022-11-01T12:31:17 EDT" duration-ms="1575">
    <groups>
    </groups>
    <test started-at="2022-11-01T12:31:16 EDT" name="Default test" finished-at="2022-11-01T12:31:17 EDT" duration-ms="1575">
      <class name="Tests.HomePageTests">
        <test-method is-config="true" signature="setUp()[pri:0, instance:Tests.HomePageTests@43b0ade]" started-at="2022-11-01T12:31:16 EDT" name="setUp" finished-at="2022-11-01T12:31:16 EDT" duration-ms="622" status="PASS">
          <reporter-output>
          </reporter-output>
        </test-method> <!-- setUp -->
        <test-method signature="addElement()[pri:0, instance:Tests.HomePageTests@43b0ade]" started-at="2022-11-01T12:31:16 EDT" name="addElement" finished-at="2022-11-01T12:31:17 EDT" duration-ms="102" status="PASS">
          <reporter-output>
          </reporter-output>
        </test-method> <!-- addElement -->
        <test-method is-config="true" signature="setUp()[pri:0, instance:Tests.HomePageTests@43b0ade]" started-at="2022-11-01T12:31:17 EDT" name="setUp" finished-at="2022-11-01T12:31:17 EDT" duration-ms="108" status="PASS">
          <reporter-output>
          </reporter-output>
        </test-method> <!-- setUp -->
        <test-method signature="helloTest()[pri:0, instance:Tests.HomePageTests@43b0ade]" started-at="2022-11-01T12:31:17 EDT" name="helloTest" finished-at="2022-11-01T12:31:17 EDT" duration-ms="2" status="PASS">
          <reporter-output>
          </reporter-output>
        </test-method> <!-- helloTest -->
        <test-method is-config="true" signature="destroy()[pri:0, instance:Tests.HomePageTests@43b0ade]" started-at="2022-11-01T12:31:17 EDT" name="destroy" finished-at="2022-11-01T12:31:17 EDT" duration-ms="683" status="PASS">
          <reporter-output>
          </reporter-output>
        </test-method> <!-- destroy -->
      </class> <!-- Tests.HomePageTests -->
    </test> <!-- Default test -->
  </suite> <!-- Default suite -->
</testng-results>
